Build started 6/16/2016 4:42:04 PM.
     1>Project "C:\Users\Blake\Documents\GitHub\BlakeSchultze\pCT_Reconstruction\Visual Studio Files\pCT_Reconstruction.vcxproj" on node 2 (Build target(s)).
     1>InitializeBuildStatus:
         Touching "x64\Release\pCT_Reconstruction.unsuccessfulbuild".
       AddCudaCompileDeps:
         C:\Program Files (x86)\Microsoft Visual Studio 11.0\VC\bin\x86_amd64\cl.exe /E /nologo /showIncludes /TP /D__CUDACC__ /D_MBCS /I"C:\Program Files\NVIDIA GPU Computing Toolkit\CUDA\v6.5\include" /I"C:\Program Files\NVIDIA GPU Computing Toolkit\CUDA\v6.5\bin" /I"C:\Program Files\NVIDIA GPU Computing Toolkit\CUDA\v6.5\include" /I. /FIcuda_runtime.h /c C:\Users\Blake\Documents\GitHub\BlakeSchultze\pCT_Reconstruction\src\pCT_Reconstruction_Data_Segments_Blake.cu 
       AddCudaCompilePropsDeps:
       Skipping target "AddCudaCompilePropsDeps" because all output files are up-to-date with respect to the input files.
       CudaBuild:
         Compiling CUDA source file ..\src\pCT_Reconstruction_Data_Segments_Blake.cu...
         cmd.exe /C "C:\Users\Blake\AppData\Local\Temp\tmp05e507c47de54d86bbfe7799667bf792.cmd"
         "C:\Program Files\NVIDIA GPU Computing Toolkit\CUDA\v6.5\bin\nvcc.exe" -gencode=arch=compute_30,code=\"sm_30,compute_30\" --use-local-env --cl-version 2012 -ccbin "C:\Program Files (x86)\Microsoft Visual Studio 11.0\VC\bin\x86_amd64"  -I"C:\Program Files\NVIDIA GPU Computing Toolkit\CUDA\v6.5\include" -I"C:\Program Files\NVIDIA GPU Computing Toolkit\CUDA\v6.5\include"     --keep-dir x64\Release -maxrregcount=0  --machine 64 --compile -cudart static     -D_MBCS -Xcompiler "/EHsc /W3 /nologo /O2 /Zi  /MD  " -o x64\Release\pCT_Reconstruction_Data_Segments_Blake.cu.obj "C:\Users\Blake\Documents\GitHub\BlakeSchultze\pCT_Reconstruction\src\pCT_Reconstruction_Data_Segments_Blake.cu"
         
         C:\Users\Blake\Documents\GitHub\BlakeSchultze\pCT_Reconstruction\Visual Studio Files>"C:\Program Files\NVIDIA GPU Computing Toolkit\CUDA\v6.5\bin\nvcc.exe" -gencode=arch=compute_30,code=\"sm_30,compute_30\" --use-local-env --cl-version 2012 -ccbin "C:\Program Files (x86)\Microsoft Visual Studio 11.0\VC\bin\x86_amd64"  -I"C:\Program Files\NVIDIA GPU Computing Toolkit\CUDA\v6.5\include" -I"C:\Program Files\NVIDIA GPU Computing Toolkit\CUDA\v6.5\include"     --keep-dir x64\Release -maxrregcount=0  --machine 64 --compile -cudart static     -D_MBCS -Xcompiler "/EHsc /W3 /nologo /O2 /Zi  /MD  " -o x64\Release\pCT_Reconstruction_Data_Segments_Blake.cu.obj "C:\Users\Blake\Documents\GitHub\BlakeSchultze\pCT_Reconstruction\src\pCT_Reconstruction_Data_Segments_Blake.cu" 
     1>C:/Users/Blake/Documents/GitHub/BlakeSchultze/pCT_Reconstruction/src/pCT_Reconstruction_Data_Segments_Blake.cu(7867): fatal error C1012: unmatched parenthesis : missing ')'
         pCT_Reconstruction_Data_Segments_Blake.cu
     1>C:\Program Files (x86)\MSBuild\Microsoft.Cpp\v4.0\V110\BuildCustomizations\CUDA 6.5.targets(593,9): error MSB3721: The command ""C:\Program Files\NVIDIA GPU Computing Toolkit\CUDA\v6.5\bin\nvcc.exe" -gencode=arch=compute_30,code=\"sm_30,compute_30\" --use-local-env --cl-version 2012 -ccbin "C:\Program Files (x86)\Microsoft Visual Studio 11.0\VC\bin\x86_amd64"  -I"C:\Program Files\NVIDIA GPU Computing Toolkit\CUDA\v6.5\include" -I"C:\Program Files\NVIDIA GPU Computing Toolkit\CUDA\v6.5\include"     --keep-dir x64\Release -maxrregcount=0  --machine 64 --compile -cudart static     -D_MBCS -Xcompiler "/EHsc /W3 /nologo /O2 /Zi  /MD  " -o x64\Release\pCT_Reconstruction_Data_Segments_Blake.cu.obj "C:\Users\Blake\Documents\GitHub\BlakeSchultze\pCT_Reconstruction\src\pCT_Reconstruction_Data_Segments_Blake.cu"" exited with code 2.
     1>Done Building Project "C:\Users\Blake\Documents\GitHub\BlakeSchultze\pCT_Reconstruction\Visual Studio Files\pCT_Reconstruction.vcxproj" (Build target(s)) -- FAILED.

Build FAILED.

Time Elapsed 00:00:07.50
